#
# There is insufficient memory for the Java Runtime Environment to continue.
# Native memory allocation (mmap) failed to map 65536 bytes for Failed to commit metaspace.
# Possible reasons:
#   The system is out of physical RAM or swap space
#   The process is running with CompressedOops enabled, and the Java Heap may be blocking the growth of the native heap
# Possible solutions:
#   Reduce memory load on the system
#   Increase physical memory or swap space
#   Check if swap backing store is full
#   Decrease Java heap size (-Xmx/-Xms)
#   Decrease number of Java threads
#   Decrease Java thread stack sizes (-Xss)
#   Set larger code cache with -XX:ReservedCodeCacheSize=
#   JVM is running with Unscaled Compressed Oops mode in which the Java heap is
#     placed in the first 4GB address space. The Java Heap base address is the
#     maximum limit for the native heap growth. Please use -XX:HeapBaseMinAddress
#     to set the Java Heap base and to place the Java Heap above 4GB virtual address.
# This output file may be truncated or incomplete.
#
#  Out of Memory Error (virtualSpaceNode.cpp:110), pid=7228, tid=20728
#
# JRE version: Java(TM) SE Runtime Environment (17.0.8+9) (build 17.0.8+9-LTS-211)
# Java VM: Java HotSpot(TM) 64-Bit Server VM (17.0.8+9-LTS-211, mixed mode, sharing, tiered, compressed oops, compressed class ptrs, g1 gc, windows-amd64)
# No core dump will be written. Minidumps are not enabled by default on client versions of Windows
#

---------------  S U M M A R Y ------------

Command Line: -Dfile.encoding=UTF-8 -Dstdout.encoding=UTF-8 -Dstderr.encoding=UTF-8 -XX:+ShowCodeDetailsInExceptionMessages day25.DatePicker

Host: Intel(R) Core(TM) i3-6006U CPU @ 2.00GHz, 4 cores, 3G,  Windows 10 , 64 bit Build 19041 (10.0.19041.3636)
Time: Fri Feb  9 13:02:16 2024 India Standard Time elapsed time: 35.854850 seconds (0d 0h 0m 35s)

---------------  T H R E A D  ---------------

Current thread (0x0000020be376e5d0):  JavaThread "HttpClient-1-SelectorManager" daemon [_thread_in_vm, id=20728, stack(0x000000e2ee700000,0x000000e2ee800000)]

Stack: [0x000000e2ee700000,0x000000e2ee800000]
Native frames: (J=compiled Java code, j=interpreted, Vv=VM code, C=native code)
V  [jvm.dll+0x677d0a]
V  [jvm.dll+0x7d8c54]
V  [jvm.dll+0x7da3fe]
V  [jvm.dll+0x7daa63]
V  [jvm.dll+0x245c5f]
V  [jvm.dll+0x7d4d5b]
V  [jvm.dll+0x61dcf6]
V  [jvm.dll+0x61dd5a]
V  [jvm.dll+0x62057d]
V  [jvm.dll+0x61e6b6]
V  [jvm.dll+0x23a29f]
V  [jvm.dll+0x628445]
V  [jvm.dll+0x1e9bdd]
V  [jvm.dll+0x1ea1a5]
V  [jvm.dll+0x1eaaeb]
V  [jvm.dll+0x1e02f1]
V  [jvm.dll+0x53ddbc]
V  [jvm.dll+0x1f0c0a]
V  [jvm.dll+0x752b7d]
V  [jvm.dll+0x753f76]
V  [jvm.dll+0x7542a8]
V  [jvm.dll+0x23e01b]
V  [jvm.dll+0x37d84e]
C  0x0000020b95b6b80d

Java frames: (J=compiled Java code, j=interpreted, Vv=VM code)
j  java.nio.HeapByteBuffer.asReadOnlyBuffer()Ljava/nio/ByteBuffer;+0 java.base@17.0.8
j  jdk.internal.net.http.SocketTube$SliceBufferSource.append(Ljava/util/List;Ljava/nio/ByteBuffer;I)Ljava/util/List;+46 java.net.http@17.0.8
j  jdk.internal.net.http.SocketTube.readAvailable(Ljdk/internal/net/http/SocketTube$BufferSource;)Ljava/util/List;+155 java.net.http@17.0.8
j  jdk.internal.net.http.SocketTube$InternalReadPublisher$InternalReadSubscription.read()V+674 java.net.http@17.0.8
j  jdk.internal.net.http.SocketTube$InternalReadPublisher$InternalReadSubscription$$Lambda$316+0x0000020ba3134ae0.run()V+4 java.net.http@17.0.8
j  jdk.internal.net.http.SocketTube$SocketFlowTask.run(Ljdk/internal/net/http/common/SequentialScheduler$DeferredCompleter;)V+34 java.net.http@17.0.8
j  jdk.internal.net.http.common.SequentialScheduler$SchedulableTask.run()V+14 java.net.http@17.0.8
j  jdk.internal.net.http.common.SequentialScheduler.runOrSchedule(Ljdk/internal/net/http/common/SequentialScheduler$SchedulableTask;Ljava/util/concurrent/Executor;)V+86 java.net.http@17.0.8
j  jdk.internal.net.http.common.SequentialScheduler.runOrSchedule()V+6 java.net.http@17.0.8
j  jdk.internal.net.http.SocketTube$InternalReadPublisher$InternalReadSubscription.signalReadable()V+4 java.net.http@17.0.8
j  jdk.internal.net.http.SocketTube$InternalReadPublisher$ReadEvent.signalEvent()V+18 java.net.http@17.0.8
j  jdk.internal.net.http.SocketTube$SocketFlowEvent.handle()V+5 java.net.http@17.0.8
j  jdk.internal.net.http.HttpClientImpl$SelectorManager.handleEvent(Ljdk/internal/net/http/AsyncEvent;Ljava/io/IOException;)V+20 java.net.http@17.0.8
j  jdk.internal.net.http.HttpClientImpl$SelectorManager.lambda$run$3(Ljdk/internal/net/http/AsyncEvent;)V+3 java.net.http@17.0.8
j  jdk.internal.net.http.HttpClientImpl$SelectorManager$$Lambda$351+0x0000020ba3139628.accept(Ljava/lang/Object;)V+8 java.net.http@17.0.8
j  java.util.ArrayList.forEach(Ljava/util/function/Consumer;)V+46 java.base@17.0.8
j  jdk.internal.net.http.HttpClientImpl$SelectorManager.run()V+1243 java.net.http@17.0.8
v  ~StubRoutines::call_stub

---------------  P R O C E S S  ---------------

Threads class SMR info:
_java_thread_list=0x0000020be3b117a0, length=21, elements={
0x0000020b86d7e8b0, 0x0000020b86e3b600, 0x0000020b86e3d9d0, 0x0000020b86e4b7f0,
0x0000020b86e4c2b0, 0x0000020be311dfd0, 0x0000020be311e4a0, 0x0000020be311f140,
0x0000020be318d560, 0x0000020be3190220, 0x0000020be3258ac0, 0x0000020be326c070,
0x0000020be370f010, 0x0000020be376e5d0, 0x0000020be3a5cb20, 0x0000020be3a5cff0,
0x0000020be3a5d4c0, 0x0000020be3a40880, 0x0000020be3b25f40, 0x0000020be3b27750,
0x0000020be3b23d90
}

Java Threads: ( => current thread )
  0x0000020b86d7e8b0 JavaThread "Forwarding newSession on session null to remote" [_thread_blocked, id=6264, stack(0x000000e2ed000000,0x000000e2ed100000)]
  0x0000020b86e3b600 JavaThread "Reference Handler" daemon [_thread_blocked, id=18176, stack(0x000000e2ed700000,0x000000e2ed800000)]
  0x0000020b86e3d9d0 JavaThread "Finalizer" daemon [_thread_blocked, id=9624, stack(0x000000e2ed800000,0x000000e2ed900000)]
  0x0000020b86e4b7f0 JavaThread "Signal Dispatcher" daemon [_thread_blocked, id=18084, stack(0x000000e2ed900000,0x000000e2eda00000)]
  0x0000020b86e4c2b0 JavaThread "Attach Listener" daemon [_thread_blocked, id=10836, stack(0x000000e2eda00000,0x000000e2edb00000)]
  0x0000020be311dfd0 JavaThread "Service Thread" daemon [_thread_blocked, id=6716, stack(0x000000e2edb00000,0x000000e2edc00000)]
  0x0000020be311e4a0 JavaThread "Monitor Deflation Thread" daemon [_thread_blocked, id=15436, stack(0x000000e2edc00000,0x000000e2edd00000)]
  0x0000020be311f140 JavaThread "C2 CompilerThread0" daemon [_thread_blocked, id=14448, stack(0x000000e2edd00000,0x000000e2ede00000)]
  0x0000020be318d560 JavaThread "C1 CompilerThread0" daemon [_thread_blocked, id=7796, stack(0x000000e2ede00000,0x000000e2edf00000)]
  0x0000020be3190220 JavaThread "Sweeper thread" daemon [_thread_blocked, id=6020, stack(0x000000e2edf00000,0x000000e2ee000000)]
  0x0000020be3258ac0 JavaThread "Notification Thread" daemon [_thread_blocked, id=12948, stack(0x000000e2ee000000,0x000000e2ee100000)]
  0x0000020be326c070 JavaThread "Common-Cleaner" daemon [_thread_blocked, id=2748, stack(0x000000e2ee200000,0x000000e2ee300000)]
  0x0000020be370f010 JavaThread "ForkJoinPool.commonPool-worker-1" daemon [_thread_blocked, id=9384, stack(0x000000e2ee300000,0x000000e2ee400000)]
=>0x0000020be376e5d0 JavaThread "HttpClient-1-SelectorManager" daemon [_thread_in_vm, id=20728, stack(0x000000e2ee700000,0x000000e2ee800000)]
  0x0000020be3a5cb20 JavaThread "External Process Output Forwarder - C:\Users\Admin\.cache\selenium\chromedriver\win64\121.0.6167.85\chromedriver.exe" daemon [_thread_in_native, id=10512, stack(0x000000e2ee800000,0x000000e2ee900000)]
  0x0000020be3a5cff0 JavaThread "Driver Service Executor" daemon [_thread_blocked, id=12184, stack(0x000000e2ee900000,0x000000e2eea00000)]
  0x0000020be3a5d4c0 JavaThread "Driver Service Executor" daemon [_thread_in_native, id=12648, stack(0x000000e2eea00000,0x000000e2eeb00000)]
  0x0000020be3a40880 JavaThread "UrlChecker-2" daemon [_thread_blocked, id=2212, stack(0x000000e2eeb00000,0x000000e2eec00000)]
  0x0000020be3b25f40 JavaThread "pool-1-thread-1" [_thread_blocked, id=20876, stack(0x000000e2eee00000,0x000000e2eef00000)]
  0x0000020be3b27750 JavaThread "pool-1-thread-2" [_thread_blocked, id=6360, stack(0x000000e2eef00000,0x000000e2ef000000)]
  0x0000020be3b23d90 JavaThread "pool-1-thread-3" [_thread_blocked, id=12884, stack(0x000000e2ef000000,0x000000e2ef100000)]

Other Threads:
  0x0000020b86e34650 VMThread "VM Thread" [stack: 0x000000e2ed600000,0x000000e2ed700000] [id=18724]
  0x0000020be325f3b0 WatcherThread [stack: 0x000000e2ee100000,0x000000e2ee200000] [id=11848]
  0x0000020b86dbb390 GCTaskThread "GC Thread#0" [stack: 0x000000e2ed100000,0x000000e2ed200000] [id=4428]
  0x0000020be370fb90 GCTaskThread "GC Thread#1" [stack: 0x000000e2ee400000,0x000000e2ee500000] [id=19800]
  0x0000020be3838810 GCTaskThread "GC Thread#2" [stack: 0x000000e2ee500000,0x000000e2ee600000] [id=20864]
  0x0000020be38db950 GCTaskThread "GC Thread#3" [stack: 0x000000e2ee600000,0x000000e2ee700000] [id=8836]
  0x0000020b86dc4e30 ConcurrentGCThread "G1 Main Marker" [stack: 0x000000e2ed200000,0x000000e2ed300000] [id=19284]
  0x0000020b86dc7040 ConcurrentGCThread "G1 Conc#0" [stack: 0x000000e2ed300000,0x000000e2ed400000] [id=4948]
  0x0000020b86e12c70 ConcurrentGCThread "G1 Refine#0" [stack: 0x000000e2ed400000,0x000000e2ed500000] [id=11456]
  0x0000020b86e135a0 ConcurrentGCThread "G1 Service" [stack: 0x000000e2ed500000,0x000000e2ed600000] [id=7764]

Threads with active compile tasks:

VM state: not at safepoint (normal execution)

VM Mutex/Monitor currently owned by a thread:  ([mutex/lock_event])
[0x0000020b86d78c10] Metaspace_lock - owner thread: 0x0000020be376e5d0

Heap address: 0x00000000c1e00000, size: 994 MB, Compressed Oops mode: 32-bit

CDS archive(s) mapped at: [0x0000020ba2000000-0x0000020ba2bd0000-0x0000020ba2bd0000), size 12386304, SharedBaseAddress: 0x0000020ba2000000, ArchiveRelocationMode: 1.
Compressed class space mapped at: 0x0000020ba3000000-0x0000020be3000000, reserved size: 1073741824
Narrow klass base: 0x0000020ba2000000, Narrow klass shift: 0, Narrow klass range: 0x100000000

GC Precious Log:
 CPUs: 4 total, 4 available
 Memory: 3970M
 Large Page Support: Disabled
 NUMA Support: Disabled
 Compressed Oops: Enabled (32-bit)
 Heap Region Size: 1M
 Heap Min Capacity: 8M
 Heap Initial Capacity: 64M
 Heap Max Capacity: 994M
 Pre-touch: Disabled
 Parallel Workers: 4
 Concurrent Workers: 1
 Concurrent Refinement Workers: 4
 Periodic GC: Disabled

Heap:
 garbage-first heap   total 65536K, used 11596K [0x00000000c1e00000, 0x0000000100000000)
  region size 1024K, 6 young (6144K), 2 survivors (2048K)
 Metaspace       used 10372K, committed 10560K, reserved 1114112K
  class space    used 1239K, committed 1344K, reserved 1048576K

Heap Regions: E=young(eden), S=young(survivor), O=old, HS=humongous(starts), HC=humongous(continues), CS=collection set, F=free, OA=open archive, CA=closed archive, TAMS=top-at-mark-start (previous, next)
|   0|0x00000000c1e00000, 0x00000000c1f00000, 0x00000000c1f00000|100%|HS|  |TAMS 0x00000000c1e00000, 0x00000000c1e00000| Complete 
|   1|0x00000000c1f00000, 0x00000000c2000000, 0x00000000c2000000|100%| O|  |TAMS 0x00000000c1f00000, 0x00000000c1f00000| Untracked 
|   2|0x00000000c2000000, 0x00000000c2100000, 0x00000000c2100000|100%| O|  |TAMS 0x00000000c2000000, 0x00000000c2000000| Untracked 
|   3|0x00000000c2100000, 0x00000000c2200000, 0x00000000c2200000|100%| O|  |TAMS 0x00000000c2100000, 0x00000000c2100000| Untracked 
|   4|0x00000000c2200000, 0x00000000c2300000, 0x00000000c2300000|100%| O|  |TAMS 0x00000000c2200000, 0x00000000c2200000| Untracked 
|   5|0x00000000c2300000, 0x00000000c2400000, 0x00000000c2400000|100%| O|  |TAMS 0x00000000c2300000, 0x00000000c2300000| Untracked 
|   6|0x00000000c2400000, 0x00000000c2453200, 0x00000000c2500000| 32%| O|  |TAMS 0x00000000c2400000, 0x00000000c2400000| Untracked 
|   7|0x00000000c2500000, 0x00000000c2500000, 0x00000000c2600000|  0%| F|  |TAMS 0x00000000c2500000, 0x00000000c2500000| Untracked 
|   8|0x00000000c2600000, 0x00000000c2600000, 0x00000000c2700000|  0%| F|  |TAMS 0x00000000c2600000, 0x00000000c2600000| Untracked 
|   9|0x00000000c2700000, 0x00000000c2700000, 0x00000000c2800000|  0%| F|  |TAMS 0x00000000c2700000, 0x00000000c2700000| Untracked 
|  10|0x00000000c2800000, 0x00000000c2800000, 0x00000000c2900000|  0%| F|  |TAMS 0x00000000c2800000, 0x00000000c2800000| Untracked 
|  11|0x00000000c2900000, 0x00000000c2900000, 0x00000000c2a00000|  0%| F|  |TAMS 0x00000000c2900000, 0x00000000c2900000| Untracked 
|  12|0x00000000c2a00000, 0x00000000c2a00000, 0x00000000c2b00000|  0%| F|  |TAMS 0x00000000c2a00000, 0x00000000c2a00000| Untracked 
|  13|0x00000000c2b00000, 0x00000000c2b00000, 0x00000000c2c00000|  0%| F|  |TAMS 0x00000000c2b00000, 0x00000000c2b00000| Untracked 
|  14|0x00000000c2c00000, 0x00000000c2c00000, 0x00000000c2d00000|  0%| F|  |TAMS 0x00000000c2c00000, 0x00000000c2c00000| Untracked 
|  15|0x00000000c2d00000, 0x00000000c2d00000, 0x00000000c2e00000|  0%| F|  |TAMS 0x00000000c2d00000, 0x00000000c2d00000| Untracked 
|  16|0x00000000c2e00000, 0x00000000c2e00000, 0x00000000c2f00000|  0%| F|  |TAMS 0x00000000c2e00000, 0x00000000c2e00000| Untracked 
|  17|0x00000000c2f00000, 0x00000000c2f00000, 0x00000000c3000000|  0%| F|  |TAMS 0x00000000c2f00000, 0x00000000c2f00000| Untracked 
|  18|0x00000000c3000000, 0x00000000c3000000, 0x00000000c3100000|  0%| F|  |TAMS 0x00000000c3000000, 0x00000000c3000000| Untracked 
|  19|0x00000000c3100000, 0x00000000c3100000, 0x00000000c3200000|  0%| F|  |TAMS 0x00000000c3100000, 0x00000000c3100000| Untracked 
|  20|0x00000000c3200000, 0x00000000c3200000, 0x00000000c3300000|  0%| F|  |TAMS 0x00000000c3200000, 0x00000000c3200000| Untracked 
|  21|0x00000000c3300000, 0x00000000c3300000, 0x00000000c3400000|  0%| F|  |TAMS 0x00000000c3300000, 0x00000000c3300000| Untracked 
|  22|0x00000000c3400000, 0x00000000c3400000, 0x00000000c3500000|  0%| F|  |TAMS 0x00000000c3400000, 0x00000000c3400000| Untracked 
|  23|0x00000000c3500000, 0x00000000c3500000, 0x00000000c3600000|  0%| F|  |TAMS 0x00000000c3500000, 0x00000000c3500000| Untracked 
|  24|0x00000000c3600000, 0x00000000c3600000, 0x00000000c3700000|  0%| F|  |TAMS 0x00000000c3600000, 0x00000000c3600000| Untracked 
|  25|0x00000000c3700000, 0x00000000c3700000, 0x00000000c3800000|  0%| F|  |TAMS 0x00000000c3700000, 0x00000000c3700000| Untracked 
|  26|0x00000000c3800000, 0x00000000c3800000, 0x00000000c3900000|  0%| F|  |TAMS 0x00000000c3800000, 0x00000000c3800000| Untracked 
|  27|0x00000000c3900000, 0x00000000c3900000, 0x00000000c3a00000|  0%| F|  |TAMS 0x00000000c3900000, 0x00000000c3900000| Untracked 
|  28|0x00000000c3a00000, 0x00000000c3a00000, 0x00000000c3b00000|  0%| F|  |TAMS 0x00000000c3a00000, 0x00000000c3a00000| Untracked 
|  29|0x00000000c3b00000, 0x00000000c3b00000, 0x00000000c3c00000|  0%| F|  |TAMS 0x00000000c3b00000, 0x00000000c3b00000| Untracked 
|  30|0x00000000c3c00000, 0x00000000c3c00000, 0x00000000c3d00000|  0%| F|  |TAMS 0x00000000c3c00000, 0x00000000c3c00000| Untracked 
|  31|0x00000000c3d00000, 0x00000000c3d00000, 0x00000000c3e00000|  0%| F|  |TAMS 0x00000000c3d00000, 0x00000000c3d00000| Untracked 
|  32|0x00000000c3e00000, 0x00000000c3e00000, 0x00000000c3f00000|  0%| F|  |TAMS 0x00000000c3e00000, 0x00000000c3e00000| Untracked 
|  33|0x00000000c3f00000, 0x00000000c3f00000, 0x00000000c4000000|  0%| F|  |TAMS 0x00000000c3f00000, 0x00000000c3f00000| Untracked 
|  34|0x00000000c4000000, 0x00000000c4000000, 0x00000000c4100000|  0%| F|  |TAMS 0x00000000c4000000, 0x00000000c4000000| Untracked 
|  35|0x00000000c4100000, 0x00000000c4100000, 0x00000000c4200000|  0%| F|  |TAMS 0x00000000c4100000, 0x00000000c4100000| Untracked 
|  36|0x00000000c4200000, 0x00000000c4200000, 0x00000000c4300000|  0%| F|  |TAMS 0x00000000c4200000, 0x00000000c4200000| Untracked 
|  37|0x00000000c4300000, 0x00000000c4300000, 0x00000000c4400000|  0%| F|  |TAMS 0x00000000c4300000, 0x00000000c4300000| Untracked 
|  38|0x00000000c4400000, 0x00000000c4400000, 0x00000000c4500000|  0%| F|  |TAMS 0x00000000c4400000, 0x00000000c4400000| Untracked 
|  39|0x00000000c4500000, 0x00000000c4500000, 0x00000000c4600000|  0%| F|  |TAMS 0x00000000c4500000, 0x00000000c4500000| Untracked 
|  40|0x00000000c4600000, 0x00000000c4600000, 0x00000000c4700000|  0%| F|  |TAMS 0x00000000c4600000, 0x00000000c4600000| Untracked 
|  41|0x00000000c4700000, 0x00000000c4700000, 0x00000000c4800000|  0%| F|  |TAMS 0x00000000c4700000, 0x00000000c4700000| Untracked 
|  42|0x00000000c4800000, 0x00000000c4800000, 0x00000000c4900000|  0%| F|  |TAMS 0x00000000c4800000, 0x00000000c4800000| Untracked 
|  43|0x00000000c4900000, 0x00000000c4900000, 0x00000000c4a00000|  0%| F|  |TAMS 0x00000000c4900000, 0x00000000c4900000| Untracked 
|  44|0x00000000c4a00000, 0x00000000c4a00000, 0x00000000c4b00000|  0%| F|  |TAMS 0x00000000c4a00000, 0x00000000c4a00000| Untracked 
|  45|0x00000000c4b00000, 0x00000000c4b00000, 0x00000000c4c00000|  0%| F|  |TAMS 0x00000000c4b00000, 0x00000000c4b00000| Untracked 
|  46|0x00000000c4c00000, 0x00000000c4c00000, 0x00000000c4d00000|  0%| F|  |TAMS 0x00000000c4c00000, 0x00000000c4c00000| Untracked 
|  47|0x00000000c4d00000, 0x00000000c4d00000, 0x00000000c4e00000|  0%| F|  |TAMS 0x00000000c4d00000, 0x00000000c4d00000| Untracked 
|  48|0x00000000c4e00000, 0x00000000c4e00000, 0x00000000c4f00000|  0%| F|  |TAMS 0x00000000c4e00000, 0x00000000c4e00000| Untracked 
|  49|0x00000000c4f00000, 0x00000000c4f00000, 0x00000000c5000000|  0%| F|  |TAMS 0x00000000c4f00000, 0x00000000c4f00000| Untracked 
|  50|0x00000000c5000000, 0x00000000c5000000, 0x00000000c5100000|  0%| F|  |TAMS 0x00000000c5000000, 0x00000000c5000000| Untracked 
|  51|0x00000000c5100000, 0x00000000c5100000, 0x00000000c5200000|  0%| F|  |TAMS 0x00000000c5100000, 0x00000000c5100000| Untracked 
|  52|0x00000000c5200000, 0x00000000c5300000, 0x00000000c5300000|100%| S|CS|TAMS 0x00000000c5200000, 0x00000000c5200000| Complete 
|  53|0x00000000c5300000, 0x00000000c5400000, 0x00000000c5400000|100%| S|CS|TAMS 0x00000000c5300000, 0x00000000c5300000| Complete 
|  54|0x00000000c5400000, 0x00000000c5400000, 0x00000000c5500000|  0%| F|  |TAMS 0x00000000c5400000, 0x00000000c5400000| Untracked 
|  55|0x00000000c5500000, 0x00000000c5500000, 0x00000000c5600000|  0%| F|  |TAMS 0x00000000c5500000, 0x00000000c5500000| Untracked 
|  56|0x00000000c5600000, 0x00000000c5600000, 0x00000000c5700000|  0%| F|  |TAMS 0x00000000c5600000, 0x00000000c5600000| Untracked 
|  57|0x00000000c5700000, 0x00000000c5700000, 0x00000000c5800000|  0%| F|  |TAMS 0x00000000c5700000, 0x00000000c5700000| Untracked 
|  58|0x00000000c5800000, 0x00000000c5800000, 0x00000000c5900000|  0%| F|  |TAMS 0x00000000c5800000, 0x00000000c5800000| Untracked 
|  59|0x00000000c5900000, 0x00000000c5900000, 0x00000000c5a00000|  0%| F|  |TAMS 0x00000000c5900000, 0x00000000c5900000| Untracked 
|  60|0x00000000c5a00000, 0x00000000c5a5d998, 0x00000000c5b00000| 36%| E|  |TAMS 0x00000000c5a00000, 0x00000000c5a00000| Complete 
|  61|0x00000000c5b00000, 0x00000000c5c00000, 0x00000000c5c00000|100%| E|CS|TAMS 0x00000000c5b00000, 0x00000000c5b00000| Complete 
|  62|0x00000000c5c00000, 0x00000000c5d00000, 0x00000000c5d00000|100%| E|CS|TAMS 0x00000000c5c00000, 0x00000000c5c00000| Complete 
|  63|0x00000000c5d00000, 0x00000000c5e00000, 0x00000000c5e00000|100%| E|CS|TAMS 0x00000000c5d00000, 0x00000000c5d00000| Complete 

Card table byte_map: [0x0000020b9d820000,0x0000020b9da20000] _byte_map_base: 0x0000020b9d211000

Marking Bits (Prev, Next): (CMBitMap*) 0x0000020b86dbc8c0, (CMBitMap*) 0x0000020b86dbc900
 Prev Bits: [0x0000020b9dc20000, 0x0000020b9eba8000)
 Next Bits: [0x0000020b9ebb0000, 0x0000020b9fb38000)

Polling page: 0x0000020b86550000

Metaspace:

Usage:
  Non-class:      8.92 MB used.
      Class:      1.21 MB used.
       Both:     10.13 MB used.

Virtual space:
  Non-class space:       64.00 MB reserved,       9.00 MB ( 14%) committed,  1 nodes.
      Class space:        1.00 GB reserved,       1.31 MB ( <1%) committed,  1 nodes.
             Both:        1.06 GB reserved,      10.31 MB ( <1%) committed. 

Chunk freelists:
   Non-Class:  6.14 MB
       Class:  14.51 MB
        Both:  20.65 MB

MaxMetaspaceSize: unlimited
CompressedClassSpaceSize: 1.00 GB
Initial GC threshold: 21.00 MB
Current GC threshold: 21.00 MB
CDS: on
MetaspaceReclaimPolicy: balanced
 - commit_granule_bytes: 65536.
 - commit_granule_words: 8192.
 - virtual_space_node_default_size: 8388608.
 - enlarge_chunks_in_place: 1.
 - new_chunks_are_fully_committed: 0.
 - uncommit_free_chunks: 1.
 - use_allocation_guard: 0.
 - handle_deallocations: 1.


Internal statistics:

num_allocs_failed_limit: 0.
num_arena_births: 188.
num_arena_deaths: 0.
num_vsnodes_births: 2.
num_vsnodes_deaths: 0.
num_space_committed: 165.
num_space_uncommitted: 0.
num_chunks_returned_to_freelist: 0.
num_chunks_taken_from_freelist: 397.
num_chunk_merges: 0.
num_chunk_splits: 230.
num_chunks_enlarged: 145.
num_purges: 0.
num_inconsistent_stats: 0.

CodeHeap 'non-profiled nmethods': size=120000Kb used=452Kb max_used=452Kb free=119547Kb
 bounds [0x0000020b960f0000, 0x0000020b96360000, 0x0000020b9d620000]
CodeHeap 'profiled nmethods': size=120000Kb used=2812Kb max_used=2812Kb free=117187Kb
 bounds [0x0000020b8e620000, 0x0000020b8e8e0000, 0x0000020b95b50000]
CodeHeap 'non-nmethods': size=5760Kb used=1205Kb max_used=1220Kb free=4554Kb
 bounds [0x0000020b95b50000, 0x0000020b95dc0000, 0x0000020b960f0000]
 total_blobs=2025 nmethods=1514 adapters=424
 compilation: enabled
              stopped_count=0, restarted_count=0
 full_count=0

Compilation events (20 events):
Event: 22.404 Thread 0x0000020be311f140 nmethod 1505 0x0000020b96160390 code [0x0000020b96160520, 0x0000020b961606f8]
Event: 22.405 Thread 0x0000020be318d560 nmethod 1504 0x0000020b8e8d9310 code [0x0000020b8e8d94c0, 0x0000020b8e8d9778]
Event: 22.412 Thread 0x0000020be318d560 1506       1       java.util.concurrent.locks.AbstractQueuedSynchronizer::setState (6 bytes)
Event: 22.413 Thread 0x0000020be318d560 nmethod 1506 0x0000020b96160810 code [0x0000020b961609a0, 0x0000020b96160a78]
Event: 22.418 Thread 0x0000020be318d560 1507       3       java.lang.Module::canRead (86 bytes)
Event: 22.421 Thread 0x0000020be318d560 nmethod 1507 0x0000020b8e8d9810 code [0x0000020b8e8d9bc0, 0x0000020b8e8db6e8]
Event: 22.421 Thread 0x0000020be318d560 1508       3       java.lang.invoke.LambdaFormEditor$TransformKey::<init> (15 bytes)
Event: 22.421 Thread 0x0000020be311f140 1509       4       jdk.internal.misc.Unsafe::allocateUninitializedArray (55 bytes)
Event: 22.421 Thread 0x0000020be318d560 nmethod 1508 0x0000020b8e8dbd90 code [0x0000020b8e8dbf20, 0x0000020b8e8dc0b8]
Event: 22.422 Thread 0x0000020be318d560 1510       3       java.nio.ByteBuffer::<init> (47 bytes)
Event: 22.422 Thread 0x0000020be318d560 nmethod 1510 0x0000020b8e8dc190 code [0x0000020b8e8dc340, 0x0000020b8e8dc568]
Event: 22.423 Thread 0x0000020be311f140 nmethod 1509 0x0000020b96160b10 code [0x0000020b96160ca0, 0x0000020b96160e58]
Event: 22.426 Thread 0x0000020be318d560 1511       3       java.lang.invoke.MethodHandles$Lookup::resolveOrFail (48 bytes)
Event: 22.427 Thread 0x0000020be318d560 nmethod 1511 0x0000020b8e8dc690 code [0x0000020b8e8dc8c0, 0x0000020b8e8dcf68]
Event: 22.427 Thread 0x0000020be318d560 1512       3       java.lang.invoke.MethodHandles$Lookup::checkMethodName (45 bytes)
Event: 22.428 Thread 0x0000020be318d560 nmethod 1512 0x0000020b8e8dd210 code [0x0000020b8e8dd460, 0x0000020b8e8ddba8]
Event: 22.428 Thread 0x0000020be318d560 1513       3       java.lang.invoke.MemberName::asSpecial (89 bytes)
Event: 22.429 Thread 0x0000020be318d560 nmethod 1513 0x0000020b8e8dde90 code [0x0000020b8e8de160, 0x0000020b8e8dee68]
Event: 34.456 Thread 0x0000020be318d560 1514       1       jdk.internal.net.http.common.DebugLogger::on (5 bytes)
Event: 34.456 Thread 0x0000020be318d560 nmethod 1514 0x0000020b96160f90 code [0x0000020b96161120, 0x0000020b961611f8]

GC Heap History (4 events):
Event: 19.202 GC heap before
{Heap before GC invocations=0 (full 0):
 garbage-first heap   total 65536K, used 14336K [0x00000000c1e00000, 0x0000000100000000)
  region size 1024K, 13 young (13312K), 0 survivors (0K)
 Metaspace       used 2989K, committed 3200K, reserved 1114112K
  class space    used 374K, committed 448K, reserved 1048576K
}
Event: 19.215 GC heap after
{Heap after GC invocations=1 (full 0):
 garbage-first heap   total 65536K, used 6487K [0x00000000c1e00000, 0x0000000100000000)
  region size 1024K, 2 young (2048K), 2 survivors (2048K)
 Metaspace       used 2989K, committed 3200K, reserved 1114112K
  class space    used 374K, committed 448K, reserved 1048576K
}
Event: 22.121 GC heap before
{Heap before GC invocations=1 (full 0):
 garbage-first heap   total 65536K, used 15703K [0x00000000c1e00000, 0x0000000100000000)
  region size 1024K, 12 young (12288K), 2 survivors (2048K)
 Metaspace       used 8977K, committed 9216K, reserved 1114112K
  class space    used 1059K, committed 1152K, reserved 1048576K
}
Event: 22.137 GC heap after
{Heap after GC invocations=2 (full 0):
 garbage-first heap   total 65536K, used 8524K [0x00000000c1e00000, 0x0000000100000000)
  region size 1024K, 2 young (2048K), 2 survivors (2048K)
 Metaspace       used 8977K, committed 9216K, reserved 1114112K
  class space    used 1059K, committed 1152K, reserved 1048576K
}

Deoptimization events (20 events):
Event: 22.379 Thread 0x0000020be376e5d0 Uncommon trap: trap_request=0xffffff45 fr.pc=0x0000020b9614a838 relative=0x0000000000000178
Event: 22.379 Thread 0x0000020be376e5d0 Uncommon trap: reason=unstable_if action=reinterpret pc=0x0000020b9614a838 method=java.lang.invoke.VarHandle.checkExactAccessMode(Ljava/lang/invoke/VarHandle$AccessDescriptor;)V @ 4 c2
Event: 22.379 Thread 0x0000020be376e5d0 DEOPT PACKING pc=0x0000020b9614a838 sp=0x000000e2ee7feee0
Event: 22.379 Thread 0x0000020be376e5d0 DEOPT UNPACKING pc=0x0000020b95ba23a3 sp=0x000000e2ee7fee20 mode 2
Event: 22.389 Thread 0x0000020be3b25f40 Uncommon trap: trap_request=0xffffffde fr.pc=0x0000020b9615f848 relative=0x0000000000000128
Event: 22.389 Thread 0x0000020be3b25f40 Uncommon trap: reason=class_check action=maybe_recompile pc=0x0000020b9615f848 method=jdk.internal.misc.Unsafe.allocateUninitializedArray(Ljava/lang/Class;I)Ljava/lang/Object; @ 51 c2
Event: 22.389 Thread 0x0000020be3b25f40 DEOPT PACKING pc=0x0000020b9615f848 sp=0x000000e2eeefd5f0
Event: 22.389 Thread 0x0000020be3b25f40 DEOPT UNPACKING pc=0x0000020b95ba23a3 sp=0x000000e2eeefd578 mode 2
Event: 22.389 Thread 0x0000020be3b25f40 Uncommon trap: trap_request=0xffffffde fr.pc=0x0000020b9615f848 relative=0x0000000000000128
Event: 22.389 Thread 0x0000020be3b25f40 Uncommon trap: reason=class_check action=maybe_recompile pc=0x0000020b9615f848 method=jdk.internal.misc.Unsafe.allocateUninitializedArray(Ljava/lang/Class;I)Ljava/lang/Object; @ 51 c2
Event: 22.389 Thread 0x0000020be3b25f40 DEOPT PACKING pc=0x0000020b9615f848 sp=0x000000e2eeefd360
Event: 22.389 Thread 0x0000020be3b25f40 DEOPT UNPACKING pc=0x0000020b95ba23a3 sp=0x000000e2eeefd2e8 mode 2
Event: 22.390 Thread 0x0000020be3b25f40 Uncommon trap: trap_request=0xffffffde fr.pc=0x0000020b9615f848 relative=0x0000000000000128
Event: 22.390 Thread 0x0000020be3b25f40 Uncommon trap: reason=class_check action=maybe_recompile pc=0x0000020b9615f848 method=jdk.internal.misc.Unsafe.allocateUninitializedArray(Ljava/lang/Class;I)Ljava/lang/Object; @ 51 c2
Event: 22.390 Thread 0x0000020be3b25f40 DEOPT PACKING pc=0x0000020b9615f848 sp=0x000000e2eeefd470
Event: 22.390 Thread 0x0000020be3b25f40 DEOPT UNPACKING pc=0x0000020b95ba23a3 sp=0x000000e2eeefd3f8 mode 2
Event: 22.391 Thread 0x0000020be3b25f40 Uncommon trap: trap_request=0xffffffde fr.pc=0x0000020b9615f848 relative=0x0000000000000128
Event: 22.391 Thread 0x0000020be3b25f40 Uncommon trap: reason=class_check action=maybe_recompile pc=0x0000020b9615f848 method=jdk.internal.misc.Unsafe.allocateUninitializedArray(Ljava/lang/Class;I)Ljava/lang/Object; @ 51 c2
Event: 22.391 Thread 0x0000020be3b25f40 DEOPT PACKING pc=0x0000020b9615f848 sp=0x000000e2eeefdf60
Event: 22.391 Thread 0x0000020be3b25f40 DEOPT UNPACKING pc=0x0000020b95ba23a3 sp=0x000000e2eeefdee8 mode 2

Classes unloaded (0 events):
No events

Classes redefined (0 events):
No events

Internal exceptions (20 events):
Event: 21.407 Thread 0x0000020b86d7e8b0 Exception <a 'java/lang/NoSuchMethodError'{0x00000000c5613b40}: 'java.lang.Object java.lang.invoke.DirectMethodHandle$Holder.invokeStaticInit(java.lang.Object, java.lang.Object, int, int, int, int)'> (0x00000000c5613b40) 
thrown [s\open\src\hotspot\share\interpreter\linkResolver.cpp, line 759]
Event: 21.691 Thread 0x0000020b86d7e8b0 Exception <a 'java/lang/NoSuchMethodError'{0x00000000c5530b80}: 'java.lang.Object java.lang.invoke.DirectMethodHandle$Holder.invokeInterface(java.lang.Object, java.lang.Object, java.lang.Object)'> (0x00000000c5530b80) 
thrown [s\open\src\hotspot\share\interpreter\linkResolver.cpp, line 759]
Event: 21.692 Thread 0x0000020b86d7e8b0 Exception <a 'java/lang/IncompatibleClassChangeError'{0x00000000c5534248}: Found class java.lang.Object, but interface was expected> (0x00000000c5534248) 
thrown [s\open\src\hotspot\share\interpreter\linkResolver.cpp, line 826]
Event: 21.697 Thread 0x0000020b86d7e8b0 Exception <a 'java/lang/NoSuchMethodError'{0x00000000c553c6d0}: 'int java.lang.invoke.DirectMethodHandle$Holder.invokeSpecialIFC(java.lang.Object, java.lang.Object, java.lang.Object, java.lang.Object)'> (0x00000000c553c6d0) 
thrown [s\open\src\hotspot\share\interpreter\linkResolver.cpp, line 759]
Event: 21.711 Thread 0x0000020b86d7e8b0 Exception <a 'java/lang/NoSuchMethodError'{0x00000000c5560428}: 'java.lang.Object java.lang.invoke.DirectMethodHandle$Holder.invokeVirtual(java.lang.Object, java.lang.Object, java.lang.Object, java.lang.Object)'> (0x00000000c5560428) 
thrown [s\open\src\hotspot\share\interpreter\linkResolver.cpp, line 759]
Event: 21.814 Thread 0x0000020be3a40880 Exception <a 'java/net/ConnectException'{0x00000000c55fe540}: Connection refused: no further information> (0x00000000c55fe540) 
thrown [s\open\src\hotspot\share\prims\jni.cpp, line 535]
Event: 21.814 Thread 0x0000020be3a40880 Exception <a 'java/net/SocketException'{0x00000000c55fe878}: Socket is not connected: shutdown> (0x00000000c55fe878) 
thrown [s\open\src\hotspot\share\prims\jni.cpp, line 535]
Event: 21.840 Thread 0x0000020be3a40880 Exception <a 'java/net/ConnectException'{0x00000000c55ff870}: Connection refused: no further information> (0x00000000c55ff870) 
thrown [s\open\src\hotspot\share\prims\jni.cpp, line 535]
Event: 21.840 Thread 0x0000020be3a40880 Exception <a 'java/net/SocketException'{0x00000000c55ffba8}: Socket is not connected: shutdown> (0x00000000c55ffba8) 
thrown [s\open\src\hotspot\share\prims\jni.cpp, line 535]
Event: 21.871 Thread 0x0000020be3a40880 Exception <a 'java/net/ConnectException'{0x00000000c5401018}: Connection refused: no further information> (0x00000000c5401018) 
thrown [s\open\src\hotspot\share\prims\jni.cpp, line 535]
Event: 21.871 Thread 0x0000020be3a40880 Exception <a 'java/net/SocketException'{0x00000000c5401350}: Socket is not connected: shutdown> (0x00000000c5401350) 
thrown [s\open\src\hotspot\share\prims\jni.cpp, line 535]
Event: 21.917 Thread 0x0000020be3a40880 Exception <a 'java/net/ConnectException'{0x00000000c5402278}: Connection refused: no further information> (0x00000000c5402278) 
thrown [s\open\src\hotspot\share\prims\jni.cpp, line 535]
Event: 21.917 Thread 0x0000020be3a40880 Exception <a 'java/net/SocketException'{0x00000000c54025b0}: Socket is not connected: shutdown> (0x00000000c54025b0) 
thrown [s\open\src\hotspot\share\prims\jni.cpp, line 535]
Event: 22.109 Thread 0x0000020b86d7e8b0 Exception <a 'java/lang/NoSuchMethodError'{0x00000000c54d4958}: 'java.lang.Object java.lang.invoke.DirectMethodHandle$Holder.newInvokeSpecial(java.lang.Object, java.lang.Object, int, int)'> (0x00000000c54d4958) 
thrown [s\open\src\hotspot\share\interpreter\linkResolver.cpp, line 759]
Event: 22.111 Thread 0x0000020b86d7e8b0 Exception <a 'java/lang/NoSuchMethodError'{0x00000000c54df440}: 'void java.lang.invoke.DirectMethodHandle$Holder.invokeStatic(java.lang.Object, java.lang.Object, int)'> (0x00000000c54df440) 
thrown [s\open\src\hotspot\share\interpreter\linkResolver.cpp, line 759]
Event: 22.178 Thread 0x0000020b86d7e8b0 Exception <a 'java/lang/NoSuchMethodError'{0x00000000c5dbe948}: 'java.lang.Object java.lang.invoke.DirectMethodHandle$Holder.newInvokeSpecial(java.lang.Object, java.lang.Object, java.lang.Object, java.lang.Object, java.lang.Object)'> (0x00000000c5dbe948) 
thrown [s\open\src\hotspot\share\interpreter\linkResolver.cpp, line 759]
Event: 22.313 Thread 0x0000020be3b25f40 Exception <a 'java/lang/NoSuchMethodError'{0x00000000c5b14878}: 'java.lang.Object java.lang.invoke.DirectMethodHandle$Holder.invokeSpecial(java.lang.Object, java.lang.Object, java.lang.Object, java.lang.Object, int)'> (0x00000000c5b14878) 
thrown [s\open\src\hotspot\share\interpreter\linkResolver.cpp, line 759]
Event: 22.315 Thread 0x0000020be3b25f40 Exception <a 'java/lang/NoSuchMethodError'{0x00000000c5b18440}: 'java.lang.Object java.lang.invoke.Invokers$Holder.linkToTargetMethod(java.lang.Object, java.lang.Object, int, java.lang.Object)'> (0x00000000c5b18440) 
thrown [s\open\src\hotspot\share\interpreter\linkResolver.cpp, line 759]
Event: 22.335 Thread 0x0000020be3b25f40 Exception <a 'java/lang/NoSuchMethodError'{0x00000000c5b3bb40}: 'void java.lang.invoke.DirectMethodHandle$Holder.invokeSpecial(java.lang.Object, java.lang.Object, java.lang.Object)'> (0x00000000c5b3bb40) 
thrown [s\open\src\hotspot\share\interpreter\linkResolver.cpp, line 759]
Event: 22.358 Thread 0x0000020be3b25f40 Exception <a 'java/lang/NoSuchMethodError'{0x00000000c5b6e760}: 'void java.lang.invoke.DirectMethodHandle$Holder.invokeSpecial(java.lang.Object, java.lang.Object, java.lang.Object, java.lang.Object, java.lang.Object)'> (0x00000000c5b6e760) 
thrown [s\open\src\hotspot\share\interpreter\linkResolver.cpp, line 759]

VM Operations (20 events):
Event: 19.202 Executing VM operation: G1CollectForAllocation
Event: 19.215 Executing VM operation: G1CollectForAllocation done
Event: 19.477 Executing VM operation: HandshakeAllThreads
Event: 19.477 Executing VM operation: HandshakeAllThreads done
Event: 19.656 Executing VM operation: HandshakeAllThreads
Event: 19.656 Executing VM operation: HandshakeAllThreads done
Event: 20.140 Executing VM operation: HandshakeAllThreads
Event: 20.140 Executing VM operation: HandshakeAllThreads done
Event: 21.143 Executing VM operation: Cleanup
Event: 21.144 Executing VM operation: Cleanup done
Event: 21.437 Executing VM operation: HandshakeAllThreads
Event: 21.437 Executing VM operation: HandshakeAllThreads done
Event: 22.023 Executing VM operation: HandshakeAllThreads
Event: 22.023 Executing VM operation: HandshakeAllThreads done
Event: 22.029 Executing VM operation: HandshakeAllThreads
Event: 22.029 Executing VM operation: HandshakeAllThreads done
Event: 22.121 Executing VM operation: G1CollectForAllocation
Event: 22.138 Executing VM operation: G1CollectForAllocation done
Event: 23.145 Executing VM operation: Cleanup
Event: 23.145 Executing VM operation: Cleanup done

Events (20 events):
Event: 22.378 loading class java/lang/invoke/ConstantBootstraps
Event: 22.378 loading class java/lang/invoke/ConstantBootstraps done
Event: 22.381 loading class java/util/concurrent/CompletableFuture$UniRelay
Event: 22.381 loading class java/util/concurrent/CompletableFuture$UniRelay done
Event: 22.386 Thread 0x0000020be3b27750 Thread added: 0x0000020be3b27750
Event: 22.392 Thread 0x0000020be3b23d90 Thread added: 0x0000020be3b23d90
Event: 22.418 loading class java/util/NoSuchElementException
Event: 22.418 loading class java/util/NoSuchElementException done
Event: 22.424 loading class sun/nio/ch/IOVecWrapper
Event: 22.424 loading class sun/nio/ch/IOVecWrapper done
Event: 22.424 loading class sun/nio/ch/AllocatedNativeObject
Event: 22.424 loading class sun/nio/ch/NativeObject
Event: 22.425 loading class sun/nio/ch/NativeObject done
Event: 22.425 loading class sun/nio/ch/AllocatedNativeObject done
Event: 22.425 loading class sun/nio/ch/IOVecWrapper$Deallocator
Event: 22.425 loading class sun/nio/ch/IOVecWrapper$Deallocator done
Event: 22.428 loading class java/util/concurrent/CompletableFuture$UniApply
Event: 22.428 loading class java/util/concurrent/CompletableFuture$UniApply done
Event: 27.038 Thread 0x0000020be3a41970 Thread exited: 0x0000020be3a41970
Event: 35.845 loading class java/nio/HeapByteBufferR


Dynamic libraries:
0x00007ff62b770000 - 0x00007ff62b780000 	C:\Program Files\Java\jdk-17\bin\javaw.exe
0x00007ffffd8d0000 - 0x00007ffffdac8000 	C:\WINDOWS\SYSTEM32\ntdll.dll
0x00007ffffd3e0000 - 0x00007ffffd49d000 	C:\WINDOWS\System32\KERNEL32.DLL
0x00007ffffb2e0000 - 0x00007ffffb5d6000 	C:\WINDOWS\System32\KERNELBASE.dll
0x00007ffffb6d0000 - 0x00007ffffb7d0000 	C:\WINDOWS\System32\ucrtbase.dll
0x00007ffff5170000 - 0x00007ffff5189000 	C:\Program Files\Java\jdk-17\bin\jli.dll
0x00007ffffc200000 - 0x00007ffffc2b3000 	C:\WINDOWS\System32\ADVAPI32.dll
0x00007ffffc150000 - 0x00007ffffc1ee000 	C:\WINDOWS\System32\msvcrt.dll
0x00007ffffd4a0000 - 0x00007ffffd53f000 	C:\WINDOWS\System32\sechost.dll
0x00007ffffcfd0000 - 0x00007ffffd0f6000 	C:\WINDOWS\System32\RPCRT4.dll
0x00007ffffb8f0000 - 0x00007ffffb917000 	C:\WINDOWS\System32\bcrypt.dll
0x00007ffff6900000 - 0x00007ffff691b000 	C:\Program Files\Java\jdk-17\bin\VCRUNTIME140.dll
0x00007ffffce30000 - 0x00007ffffcfce000 	C:\WINDOWS\System32\USER32.dll
0x00007fffe9c00000 - 0x00007fffe9e9a000 	C:\WINDOWS\WinSxS\amd64_microsoft.windows.common-controls_6595b64144ccf1df_6.0.19041.3636_none_60b6a03d71f818d5\COMCTL32.dll
0x00007ffffafa0000 - 0x00007ffffafc2000 	C:\WINDOWS\System32\win32u.dll
0x00007ffffd390000 - 0x00007ffffd3bc000 	C:\WINDOWS\System32\GDI32.dll
0x00007ffffb7d0000 - 0x00007ffffb8ea000 	C:\WINDOWS\System32\gdi32full.dll
0x00007ffffb630000 - 0x00007ffffb6cd000 	C:\WINDOWS\System32\msvcp_win.dll
0x00007ffff47b0000 - 0x00007ffff47ba000 	C:\WINDOWS\SYSTEM32\VERSION.dll
0x00007ffffd360000 - 0x00007ffffd390000 	C:\WINDOWS\System32\IMM32.DLL
0x00007ffff68f0000 - 0x00007ffff68fc000 	C:\Program Files\Java\jdk-17\bin\vcruntime140_1.dll
0x00007fffdd760000 - 0x00007fffdd7ee000 	C:\Program Files\Java\jdk-17\bin\msvcp140.dll
0x00007fffad660000 - 0x00007fffae23e000 	C:\Program Files\Java\jdk-17\bin\server\jvm.dll
0x00007ffffc1f0000 - 0x00007ffffc1f8000 	C:\WINDOWS\System32\PSAPI.DLL
0x00007fffea520000 - 0x00007fffea529000 	C:\WINDOWS\SYSTEM32\WSOCK32.dll
0x00007ffffcc90000 - 0x00007ffffccfb000 	C:\WINDOWS\System32\WS2_32.dll
0x00007ffff4fb0000 - 0x00007ffff4fd7000 	C:\WINDOWS\SYSTEM32\WINMM.dll
0x00007ffff8d70000 - 0x00007ffff8d82000 	C:\WINDOWS\SYSTEM32\kernel.appcore.dll
0x00007ffff54f0000 - 0x00007ffff54fa000 	C:\Program Files\Java\jdk-17\bin\jimage.dll
0x00007fffe40f0000 - 0x00007fffe42d4000 	C:\WINDOWS\SYSTEM32\DBGHELP.DLL
0x00007fffe3a70000 - 0x00007fffe3aa4000 	C:\WINDOWS\SYSTEM32\dbgcore.DLL
0x00007ffffb250000 - 0x00007ffffb2d2000 	C:\WINDOWS\System32\bcryptPrimitives.dll
0x00007fffebf90000 - 0x00007fffebfb5000 	C:\Program Files\Java\jdk-17\bin\java.dll
0x00007fffdc890000 - 0x00007fffdc967000 	C:\Program Files\Java\jdk-17\bin\jsvml.dll
0x00007ffffc370000 - 0x00007ffffcab5000 	C:\WINDOWS\System32\SHELL32.dll
0x00007ffff9050000 - 0x00007ffff97eb000 	C:\WINDOWS\SYSTEM32\windows.storage.dll
0x00007ffffbdf0000 - 0x00007ffffc144000 	C:\WINDOWS\System32\combase.dll
0x00007ffffa900000 - 0x00007ffffa92d000 	C:\WINDOWS\SYSTEM32\Wldp.dll
0x00007ffffd7e0000 - 0x00007ffffd88d000 	C:\WINDOWS\System32\SHCORE.dll
0x00007ffffcdd0000 - 0x00007ffffce25000 	C:\WINDOWS\System32\shlwapi.dll
0x00007ffffaed0000 - 0x00007ffffaef5000 	C:\WINDOWS\SYSTEM32\profapi.dll
0x00007ffff3df0000 - 0x00007ffff3e09000 	C:\Program Files\Java\jdk-17\bin\net.dll
0x00007fffeb930000 - 0x00007fffeba3a000 	C:\WINDOWS\SYSTEM32\WINHTTP.dll
0x00007ffffa660000 - 0x00007ffffa6ca000 	C:\WINDOWS\system32\mswsock.dll
0x00007ffff3d50000 - 0x00007ffff3d66000 	C:\Program Files\Java\jdk-17\bin\nio.dll
0x00007ffff3990000 - 0x00007ffff39a8000 	C:\Program Files\Java\jdk-17\bin\zip.dll
0x00007ffffa390000 - 0x00007ffffa45a000 	C:\WINDOWS\SYSTEM32\DNSAPI.dll
0x00007ffffa350000 - 0x00007ffffa38b000 	C:\WINDOWS\SYSTEM32\IPHLPAPI.DLL
0x00007ffffd6f0000 - 0x00007ffffd6f8000 	C:\WINDOWS\System32\NSI.dll
0x00007fffe8de0000 - 0x00007fffe8dea000 	C:\Windows\System32\rasadhlp.dll
0x00007fffe9090000 - 0x00007fffe9110000 	C:\WINDOWS\System32\fwpuclnt.dll
0x00007fffeb090000 - 0x00007fffeb09e000 	C:\Program Files\Java\jdk-17\bin\sunmscapi.dll
0x00007ffffafd0000 - 0x00007ffffb12d000 	C:\WINDOWS\System32\CRYPT32.dll
0x00007ffffa970000 - 0x00007ffffa998000 	C:\WINDOWS\SYSTEM32\ncrypt.dll
0x00007ffffa930000 - 0x00007ffffa96b000 	C:\WINDOWS\SYSTEM32\NTASN1.dll
0x00007ffffa850000 - 0x00007ffffa868000 	C:\WINDOWS\SYSTEM32\CRYPTSP.dll
0x00007ffff9f90000 - 0x00007ffff9fc4000 	C:\WINDOWS\system32\rsaenh.dll
0x00007ffffae50000 - 0x00007ffffae7e000 	C:\WINDOWS\SYSTEM32\USERENV.dll
0x00007ffffa870000 - 0x00007ffffa87c000 	C:\WINDOWS\SYSTEM32\CRYPTBASE.dll
0x00007fffed280000 - 0x00007fffed297000 	C:\WINDOWS\SYSTEM32\dhcpcsvc6.DLL
0x00007ffff1630000 - 0x00007ffff164d000 	C:\WINDOWS\SYSTEM32\dhcpcsvc.DLL
0x00007ffff3eb0000 - 0x00007ffff3eb7000 	C:\WINDOWS\system32\wshunix.dll

dbghelp: loaded successfully - version: 4.0.5 - missing functions: none
symbol engine: initialized successfully - sym options: 0x614 - pdb path: .;C:\Program Files\Java\jdk-17\bin;C:\WINDOWS\SYSTEM32;C:\WINDOWS\WinSxS\amd64_microsoft.windows.common-controls_6595b64144ccf1df_6.0.19041.3636_none_60b6a03d71f818d5;C:\Program Files\Java\jdk-17\bin\server

VM Arguments:
jvm_args: -Dfile.encoding=UTF-8 -Dstdout.encoding=UTF-8 -Dstderr.encoding=UTF-8 -XX:+ShowCodeDetailsInExceptionMessages 
java_command: day25.DatePicker
java_class_path (initial): D:\EclipseClass\ExcelFileOperation\target\classes;C:\Users\Admin\.m2\repository\org\seleniumhq\selenium\selenium-java\4.17.0\selenium-java-4.17.0.jar;C:\Users\Admin\.m2\repository\org\seleniumhq\selenium\selenium-api\4.17.0\selenium-api-4.17.0.jar;C:\Users\Admin\.m2\repository\org\seleniumhq\selenium\selenium-chrome-driver\4.17.0\selenium-chrome-driver-4.17.0.jar;C:\Users\Admin\.m2\repository\com\google\auto\service\auto-service-annotations\1.1.1\auto-service-annotations-1.1.1.jar;C:\Users\Admin\.m2\repository\org\seleniumhq\selenium\selenium-chromium-driver\4.17.0\selenium-chromium-driver-4.17.0.jar;C:\Users\Admin\.m2\repository\org\seleniumhq\selenium\selenium-json\4.17.0\selenium-json-4.17.0.jar;C:\Users\Admin\.m2\repository\org\seleniumhq\selenium\selenium-manager\4.17.0\selenium-manager-4.17.0.jar;C:\Users\Admin\.m2\repository\org\seleniumhq\selenium\selenium-devtools-v119\4.17.0\selenium-devtools-v119-4.17.0.jar;C:\Users\Admin\.m2\repository\org\seleniumhq\selenium\selenium-devtools-v120\4.17.0\selenium-devtools-v120-4.17.0.jar;C:\Users\Admin\.m2\repository\org\seleniumhq\selenium\selenium-devtools-v121\4.17.0\selenium-devtools-v121-4.17.0.jar;C:\Users\Admin\.m2\repository\org\seleniumhq\selenium\selenium-devtools-v85\4.17.0\selenium-devtools-v85-4.17.0.jar;C:\Users\Admin\.m2\repository\org\seleniumhq\selenium\selenium-edge-driver\4.17.0\selenium-edge-driver-4.17.0.jar;C:\Users\Admin\.m2\repository\org\seleniumhq\selenium\selenium-firefox-driver\4.17.0\selenium-firefox-driver-4.17.0.jar;C:\Users\Admin\.m2\repository\org\seleniumhq\selenium\selenium-http\4.17.0\selenium-http-4.17.0.jar;C:\Users\Admin\.m2\repository\dev\failsafe\failsafe\3.3.2\failsafe-3.3.2.jar;C:\Users\Admin\.m2\repository\org\seleniumhq\selenium\selenium-ie-driver\4.17.0\selenium-ie-driver-4.17.0.jar;C:\Users\Admin\.m2\repository\org\seleniumhq\selenium\selenium-remote-driver\4.17.0\selenium-remote-driver-4.17.0.jar;C:\Users\Admin\.m2\repository\com\google\guava\g
Launcher Type: SUN_STANDARD

[Global flags]
     intx CICompilerCount                          = 3                                         {product} {ergonomic}
     uint ConcGCThreads                            = 1                                         {product} {ergonomic}
     uint G1ConcRefinementThreads                  = 4                                         {product} {ergonomic}
   size_t G1HeapRegionSize                         = 1048576                                   {product} {ergonomic}
    uintx GCDrainStackTargetSize                   = 64                                        {product} {ergonomic}
   size_t InitialHeapSize                          = 67108864                                  {product} {ergonomic}
   size_t MarkStackSize                            = 4194304                                   {product} {ergonomic}
   size_t MaxHeapSize                              = 1042284544                                {product} {ergonomic}
   size_t MaxNewSize                               = 624951296                                 {product} {ergonomic}
   size_t MinHeapDeltaBytes                        = 1048576                                   {product} {ergonomic}
   size_t MinHeapSize                              = 8388608                                   {product} {ergonomic}
    uintx NonNMethodCodeHeapSize                   = 5832780                                {pd product} {ergonomic}
    uintx NonProfiledCodeHeapSize                  = 122912730                              {pd product} {ergonomic}
    uintx ProfiledCodeHeapSize                     = 122912730                              {pd product} {ergonomic}
    uintx ReservedCodeCacheSize                    = 251658240                              {pd product} {ergonomic}
     bool SegmentedCodeCache                       = true                                      {product} {ergonomic}
     bool ShowCodeDetailsInExceptionMessages       = true                                   {manageable} {command line}
   size_t SoftMaxHeapSize                          = 1042284544                             {manageable} {ergonomic}
     bool UseCompressedClassPointers               = true                           {product lp64_product} {ergonomic}
     bool UseCompressedOops                        = true                           {product lp64_product} {ergonomic}
     bool UseG1GC                                  = true                                      {product} {ergonomic}
     bool UseLargePagesIndividualAllocation        = false                                  {pd product} {ergonomic}

Logging:
Log output configuration:
 #0: stdout all=warning uptime,level,tags
 #1: stderr all=off uptime,level,tags

Environment Variables:
PATH=C:\Program Files\Common Files\Oracle\Java\javapath;C:\Program Files (x86)\Common Files\Oracle\Java\javapath;C:\WINDOWS\system32;C:\WINDOWS;C:\WINDOWS\System32\Wbem;C:\WINDOWS\System32\WindowsPowerShell\v1.0\;C:\WINDOWS\System32\OpenSSH\;C:\Program Files\Git\cmd;C:\Maven\apache-maven-3.9.2\bin;C:\Program Files\Java\jdk-17\bin;C:\Program Files\MySQL\MySQL Shell 8.0\bin\;C:\Users\Admin\AppData\Local\Microsoft\WindowsApps;C:\Program Files\Git\bin\;C:\Program Files\Git\cmd\;C:\Users\Admin\AppData\Local\GitHubDesktop\bin
USERNAME=Admin
OS=Windows_NT
PROCESSOR_IDENTIFIER=Intel64 Family 6 Model 78 Stepping 3, GenuineIntel



---------------  S Y S T E M  ---------------

OS:
 Windows 10 , 64 bit Build 19041 (10.0.19041.3636)
OS uptime: 22 days 3:23 hours

CPU: total 4 (initial active 4) (2 cores per cpu, 2 threads per core) family 6 model 78 stepping 3 microcode 0xcc, cx8, cmov, fxsr, ht, mmx, 3dnowpref, sse, sse2, sse3, ssse3, sse4.1, sse4.2, popcnt, lzcnt, tsc, tscinvbit, avx, avx2, aes, erms, clmul, bmi1, bmi2, adx, fma, vzeroupper, clflush, clflushopt

Memory: 4k page, system-wide physical 3970M (195M free)
TotalPageFile size 16258M (AvailPageFile size 3M)
current process WorkingSet (physical memory assigned to process): 69M, peak: 78M
current process commit charge ("private bytes"): 153M, peak: 155M

vm_info: Java HotSpot(TM) 64-Bit Server VM (17.0.8+9-LTS-211) for windows-amd64 JRE (17.0.8+9-LTS-211), built on Jun 14 2023 10:34:31 by "mach5one" with MS VC++ 17.1 (VS2022)

END.
